<?xml version="1.0" encoding="UTF-8"?>
<!-- Generated by org.testng.reporters.JUnitXMLReporter -->
<testsuite ignored="0" hostname="LTIN654292" failures="0" tests="0" name="Default test" time="1.314" errors="0" timestamp="2025-08-21T15:56:44 IST">
  <testcase classname="io.cucumber.testng.AbstractTestNGCucumberTests" name="@BeforeClass setUpClass" time="1.025">
    <failure type="java.lang.NullPointerException" message="Cannot invoke &amp;quot;String.toLowerCase()&amp;quot; because &amp;quot;browser&amp;quot; is null">
      <![CDATA[java.lang.NullPointerException: Cannot invoke "String.toLowerCase()" because "browser" is null
at utilities.DriverSetup.intializeWebDriver(DriverSetup.java:95)
at hooks.Hook.setup(Hook.java:54)
]]>
    </failure>
  </testcase> <!-- @BeforeClass setUpClass -->
</testsuite> <!-- Default test -->
