<?xml version="1.0" encoding="UTF-8"?>
<testng-results retried="44" ignored="0" total="66" passed="0" failed="22" skipped="0">
  <reporter-output>
  </reporter-output>
  <suite started-at="2025-08-22T13:37:52 IST" name="Suite" finished-at="2025-08-22T13:37:55 IST" duration-ms="3500">
    <groups>
      <group name="cucumber">
        <method signature="AbstractTestNGCucumberTests.runScenario(io.cucumber.testng.PickleWrapper,io.cucumber.testng.FeatureWrapper)[pri:0, instance:com.emt.runners.TestRunner@452e19ca]" name="runScenario" class="io.cucumber.testng.AbstractTestNGCucumberTests"/>
        <method signature="AbstractTestNGCucumberTests.runScenario(io.cucumber.testng.PickleWrapper,io.cucumber.testng.FeatureWrapper)[pri:0, instance:com.emt.runners.TestRunner@4ea5b703]" name="runScenario" class="io.cucumber.testng.AbstractTestNGCucumberTests"/>
      </group> <!-- cucumber -->
    </groups>
    <test started-at="2025-08-22T13:37:52 IST" name="Edge" finished-at="2025-08-22T13:37:54 IST" duration-ms="2389">
      <class name="com.emt.runners.TestRunner">
        <test-method is-config="true" signature="setUpClass(org.testng.ITestContext)[pri:0, instance:com.emt.runners.TestRunner@452e19ca]" started-at="2025-08-22T13:37:52 IST" name="setUpClass" finished-at="2025-08-22T13:37:52 IST" duration-ms="800" status="PASS">
          <params>
            <param index="0">
              <value>
                <![CDATA[org.testng.TestRunner@aac3f4e]]>
              </value>
            </param>
          </params>
          <reporter-output>
          </reporter-output>
        </test-method> <!-- setUpClass -->
        <test-method retried="true" signature="runScenario(io.cucumber.testng.PickleWrapper,io.cucumber.testng.FeatureWrapper)[pri:0, instance:com.emt.runners.TestRunner@452e19ca]" started-at="2025-08-22T13:37:52 IST" name="runScenario" description="Runs Cucumber Scenarios" data-provider="scenarios" finished-at="2025-08-22T13:37:53 IST" duration-ms="486" status="SKIP">
          <params>
            <param index="0">
              <value>
                <![CDATA["Cab booking with Excel data for Airport Pickup and Drop"]]>
              </value>
            </param>
            <param index="1">
              <value>
                <![CDATA["Searching for Airport Cab details in EaseMyTrip Website"]]>
              </value>
            </param>
          </params>
          <exception class="io.cucumber.testng.UndefinedStepException">
            <message>
              <![CDATA[The step 'the user loads test data for "TC01"' and 6 other step(s) are undefined.
You can implement these steps using the snippet(s) below:

@Given("the user loads test data for {string}")
public void the_user_loads_test_data_for(String string) {
    // Write code here that turns the phrase above into concrete actions
    throw new io.cucumber.java.PendingException();
}
@Given("the user clicks on Airport transfer and selects Type")
public void the_user_clicks_on_airport_transfer_and_selects_type() {
    // Write code here that turns the phrase above into concrete actions
    throw new io.cucumber.java.PendingException();
}
@Given("the user enters the source city and selects SourceValue")
public void the_user_enters_the_source_city_and_selects_source_value() {
    // Write code here that turns the phrase above into concrete actions
    throw new io.cucumber.java.PendingException();
}
@Given("the user enters the destination city and selects DestinationValue")
public void the_user_enters_the_destination_city_and_selects_destination_value() {
    // Write code here that turns the phrase above into concrete actions
    throw new io.cucumber.java.PendingException();
}
@Given("the user selects the date and time")
public void the_user_selects_the_date_and_time() {
    // Write code here that turns the phrase above into concrete actions
    throw new io.cucumber.java.PendingException();
}
@When("the user clicks the Search button")
public void the_user_clicks_the_search_button() {
    // Write code here that turns the phrase above into concrete actions
    throw new io.cucumber.java.PendingException();
}
@Then("the filtered cab results should be displayed")
public void the_filtered_cab_results_should_be_displayed() {
    // Write code here that turns the phrase above into concrete actions
    throw new io.cucumber.java.PendingException();
}
]]>
            </message>
            <full-stacktrace>
              <![CDATA[io.cucumber.testng.UndefinedStepException: The step 'the user loads test data for "TC01"' and 6 other step(s) are undefined.
You can implement these steps using the snippet(s) below:

@Given("the user loads test data for {string}")
public void the_user_loads_test_data_for(String string) {
    // Write code here that turns the phrase above into concrete actions
    throw new io.cucumber.java.PendingException();
}
@Given("the user clicks on Airport transfer and selects Type")
public void the_user_clicks_on_airport_transfer_and_selects_type() {
    // Write code here that turns the phrase above into concrete actions
    throw new io.cucumber.java.PendingException();
}
@Given("the user enters the source city and selects SourceValue")
public void the_user_enters_the_source_city_and_selects_source_value() {
    // Write code here that turns the phrase above into concrete actions
    throw new io.cucumber.java.PendingException();
}
@Given("the user enters the destination city and selects DestinationValue")
public void the_user_enters_the_destination_city_and_selects_destination_value() {
    // Write code here that turns the phrase above into concrete actions
    throw new io.cucumber.java.PendingException();
}
@Given("the user selects the date and time")
public void the_user_selects_the_date_and_time() {
    // Write code here that turns the phrase above into concrete actions
    throw new io.cucumber.java.PendingException();
}
@When("the user clicks the Search button")
public void the_user_clicks_the_search_button() {
    // Write code here that turns the phrase above into concrete actions
    throw new io.cucumber.java.PendingException();
}
@Then("the filtered cab results should be displayed")
public void the_filtered_cab_results_should_be_displayed() {
    // Write code here that turns the phrase above into concrete actions
    throw new io.cucumber.java.PendingException();
}

at ✽.the user loads test data for "TC01"(file:///C:/Users/2421255/OneDrive%20-%20Cognizant/Desktop/java%20core/EaseMyTrip_Hackathon/./src/test/resources/features/01_AirportCabs.feature:5)
]]>
            </full-stacktrace>
          </exception> <!-- io.cucumber.testng.UndefinedStepException -->
          <reporter-output>
          </reporter-output>
        </test-method> <!-- runScenario -->
        <test-method retried="true" signature="runScenario(io.cucumber.testng.PickleWrapper,io.cucumber.testng.FeatureWrapper)[pri:0, instance:com.emt.runners.TestRunner@452e19ca]" started-at="2025-08-22T13:37:53 IST" name="runScenario" description="Runs Cucumber Scenarios" data-provider="scenarios" finished-at="2025-08-22T13:37:53 IST" duration-ms="29" status="SKIP">
          <params>
            <param index="0">
              <value>
                <![CDATA["Cab booking with Excel data for Airport Pickup and Drop"]]>
              </value>
            </param>
            <param index="1">
              <value>
                <![CDATA["Searching for Airport Cab details in EaseMyTrip Website"]]>
              </value>
            </param>
          </params>
          <exception class="io.cucumber.testng.UndefinedStepException">
            <message>
              <![CDATA[The step 'the user loads test data for "TC01"' and 6 other step(s) are undefined.
You can implement these steps using the snippet(s) below:

@Given("the user loads test data for {string}")
public void the_user_loads_test_data_for(String string) {
    // Write code here that turns the phrase above into concrete actions
    throw new io.cucumber.java.PendingException();
}
@Given("the user clicks on Airport transfer and selects Type")
public void the_user_clicks_on_airport_transfer_and_selects_type() {
    // Write code here that turns the phrase above into concrete actions
    throw new io.cucumber.java.PendingException();
}
@Given("the user enters the source city and selects SourceValue")
public void the_user_enters_the_source_city_and_selects_source_value() {
    // Write code here that turns the phrase above into concrete actions
    throw new io.cucumber.java.PendingException();
}
@Given("the user enters the destination city and selects DestinationValue")
public void the_user_enters_the_destination_city_and_selects_destination_value() {
    // Write code here that turns the phrase above into concrete actions
    throw new io.cucumber.java.PendingException();
}
@Given("the user selects the date and time")
public void the_user_selects_the_date_and_time() {
    // Write code here that turns the phrase above into concrete actions
    throw new io.cucumber.java.PendingException();
}
@When("the user clicks the Search button")
public void the_user_clicks_the_search_button() {
    // Write code here that turns the phrase above into concrete actions
    throw new io.cucumber.java.PendingException();
}
@Then("the filtered cab results should be displayed")
public void the_filtered_cab_results_should_be_displayed() {
    // Write code here that turns the phrase above into concrete actions
    throw new io.cucumber.java.PendingException();
}
]]>
            </message>
            <full-stacktrace>
              <![CDATA[io.cucumber.testng.UndefinedStepException: The step 'the user loads test data for "TC01"' and 6 other step(s) are undefined.
You can implement these steps using the snippet(s) below:

@Given("the user loads test data for {string}")
public void the_user_loads_test_data_for(String string) {
    // Write code here that turns the phrase above into concrete actions
    throw new io.cucumber.java.PendingException();
}
@Given("the user clicks on Airport transfer and selects Type")
public void the_user_clicks_on_airport_transfer_and_selects_type() {
    // Write code here that turns the phrase above into concrete actions
    throw new io.cucumber.java.PendingException();
}
@Given("the user enters the source city and selects SourceValue")
public void the_user_enters_the_source_city_and_selects_source_value() {
    // Write code here that turns the phrase above into concrete actions
    throw new io.cucumber.java.PendingException();
}
@Given("the user enters the destination city and selects DestinationValue")
public void the_user_enters_the_destination_city_and_selects_destination_value() {
    // Write code here that turns the phrase above into concrete actions
    throw new io.cucumber.java.PendingException();
}
@Given("the user selects the date and time")
public void the_user_selects_the_date_and_time() {
    // Write code here that turns the phrase above into concrete actions
    throw new io.cucumber.java.PendingException();
}
@When("the user clicks the Search button")
public void the_user_clicks_the_search_button() {
    // Write code here that turns the phrase above into concrete actions
    throw new io.cucumber.java.PendingException();
}
@Then("the filtered cab results should be displayed")
public void the_filtered_cab_results_should_be_displayed() {
    // Write code here that turns the phrase above into concrete actions
    throw new io.cucumber.java.PendingException();
}

at ✽.the user loads test data for "TC01"(file:///C:/Users/2421255/OneDrive%20-%20Cognizant/Desktop/java%20core/EaseMyTrip_Hackathon/./src/test/resources/features/01_AirportCabs.feature:5)
]]>
            </full-stacktrace>
          </exception> <!-- io.cucumber.testng.UndefinedStepException -->
          <reporter-output>
          </reporter-output>
        </test-method> <!-- runScenario -->
        <test-method signature="runScenario(io.cucumber.testng.PickleWrapper,io.cucumber.testng.FeatureWrapper)[pri:0, instance:com.emt.runners.TestRunner@452e19ca]" started-at="2025-08-22T13:37:53 IST" name="runScenario" description="Runs Cucumber Scenarios" data-provider="scenarios" finished-at="2025-08-22T13:37:53 IST" duration-ms="46" status="FAIL">
          <params>
            <param index="0">
              <value>
                <![CDATA["Cab booking with Excel data for Airport Pickup and Drop"]]>
              </value>
            </param>
            <param index="1">
              <value>
                <![CDATA["Searching for Airport Cab details in EaseMyTrip Website"]]>
              </value>
            </param>
          </params>
          <exception class="io.cucumber.testng.UndefinedStepException">
            <message>
              <![CDATA[The step 'the user loads test data for "TC01"' and 6 other step(s) are undefined.
You can implement these steps using the snippet(s) below:

@Given("the user loads test data for {string}")
public void the_user_loads_test_data_for(String string) {
    // Write code here that turns the phrase above into concrete actions
    throw new io.cucumber.java.PendingException();
}
@Given("the user clicks on Airport transfer and selects Type")
public void the_user_clicks_on_airport_transfer_and_selects_type() {
    // Write code here that turns the phrase above into concrete actions
    throw new io.cucumber.java.PendingException();
}
@Given("the user enters the source city and selects SourceValue")
public void the_user_enters_the_source_city_and_selects_source_value() {
    // Write code here that turns the phrase above into concrete actions
    throw new io.cucumber.java.PendingException();
}
@Given("the user enters the destination city and selects DestinationValue")
public void the_user_enters_the_destination_city_and_selects_destination_value() {
    // Write code here that turns the phrase above into concrete actions
    throw new io.cucumber.java.PendingException();
}
@Given("the user selects the date and time")
public void the_user_selects_the_date_and_time() {
    // Write code here that turns the phrase above into concrete actions
    throw new io.cucumber.java.PendingException();
}
@When("the user clicks the Search button")
public void the_user_clicks_the_search_button() {
    // Write code here that turns the phrase above into concrete actions
    throw new io.cucumber.java.PendingException();
}
@Then("the filtered cab results should be displayed")
public void the_filtered_cab_results_should_be_displayed() {
    // Write code here that turns the phrase above into concrete actions
    throw new io.cucumber.java.PendingException();
}
]]>
            </message>
            <full-stacktrace>
              <![CDATA[io.cucumber.testng.UndefinedStepException: The step 'the user loads test data for "TC01"' and 6 other step(s) are undefined.
You can implement these steps using the snippet(s) below:

@Given("the user loads test data for {string}")
public void the_user_loads_test_data_for(String string) {
    // Write code here that turns the phrase above into concrete actions
    throw new io.cucumber.java.PendingException();
}
@Given("the user clicks on Airport transfer and selects Type")
public void the_user_clicks_on_airport_transfer_and_selects_type() {
    // Write code here that turns the phrase above into concrete actions
    throw new io.cucumber.java.PendingException();
}
@Given("the user enters the source city and selects SourceValue")
public void the_user_enters_the_source_city_and_selects_source_value() {
    // Write code here that turns the phrase above into concrete actions
    throw new io.cucumber.java.PendingException();
}
@Given("the user enters the destination city and selects DestinationValue")
public void the_user_enters_the_destination_city_and_selects_destination_value() {
    // Write code here that turns the phrase above into concrete actions
    throw new io.cucumber.java.PendingException();
}
@Given("the user selects the date and time")
public void the_user_selects_the_date_and_time() {
    // Write code here that turns the phrase above into concrete actions
    throw new io.cucumber.java.PendingException();
}
@When("the user clicks the Search button")
public void the_user_clicks_the_search_button() {
    // Write code here that turns the phrase above into concrete actions
    throw new io.cucumber.java.PendingException();
}
@Then("the filtered cab results should be displayed")
public void the_filtered_cab_results_should_be_displayed() {
    // Write code here that turns the phrase above into concrete actions
    throw new io.cucumber.java.PendingException();
}

at ✽.the user loads test data for "TC01"(file:///C:/Users/2421255/OneDrive%20-%20Cognizant/Desktop/java%20core/EaseMyTrip_Hackathon/./src/test/resources/features/01_AirportCabs.feature:5)
]]>
            </full-stacktrace>
          </exception> <!-- io.cucumber.testng.UndefinedStepException -->
          <reporter-output>
          </reporter-output>
        </test-method> <!-- runScenario -->
        <test-method retried="true" signature="runScenario(io.cucumber.testng.PickleWrapper,io.cucumber.testng.FeatureWrapper)[pri:0, instance:com.emt.runners.TestRunner@452e19ca]" started-at="2025-08-22T13:37:53 IST" name="runScenario" description="Runs Cucumber Scenarios" data-provider="scenarios" finished-at="2025-08-22T13:37:53 IST" duration-ms="24" status="SKIP">
          <params>
            <param index="0">
              <value>
                <![CDATA["Cab booking with Excel data for Airport Pickup and Drop"]]>
              </value>
            </param>
            <param index="1">
              <value>
                <![CDATA["Searching for Airport Cab details in EaseMyTrip Website"]]>
              </value>
            </param>
          </params>
          <exception class="io.cucumber.testng.UndefinedStepException">
            <message>
              <![CDATA[The step 'the user loads test data for "TC02"' and 6 other step(s) are undefined.
You can implement these steps using the snippet(s) below:

@Given("the user loads test data for {string}")
public void the_user_loads_test_data_for(String string) {
    // Write code here that turns the phrase above into concrete actions
    throw new io.cucumber.java.PendingException();
}
@Given("the user clicks on Airport transfer and selects Type")
public void the_user_clicks_on_airport_transfer_and_selects_type() {
    // Write code here that turns the phrase above into concrete actions
    throw new io.cucumber.java.PendingException();
}
@Given("the user enters the source city and selects SourceValue")
public void the_user_enters_the_source_city_and_selects_source_value() {
    // Write code here that turns the phrase above into concrete actions
    throw new io.cucumber.java.PendingException();
}
@Given("the user enters the destination city and selects DestinationValue")
public void the_user_enters_the_destination_city_and_selects_destination_value() {
    // Write code here that turns the phrase above into concrete actions
    throw new io.cucumber.java.PendingException();
}
@Given("the user selects the date and time")
public void the_user_selects_the_date_and_time() {
    // Write code here that turns the phrase above into concrete actions
    throw new io.cucumber.java.PendingException();
}
@When("the user clicks the Search button")
public void the_user_clicks_the_search_button() {
    // Write code here that turns the phrase above into concrete actions
    throw new io.cucumber.java.PendingException();
}
@Then("the filtered cab results should be displayed")
public void the_filtered_cab_results_should_be_displayed() {
    // Write code here that turns the phrase above into concrete actions
    throw new io.cucumber.java.PendingException();
}
]]>
            </message>
            <full-stacktrace>
              <![CDATA[io.cucumber.testng.UndefinedStepException: The step 'the user loads test data for "TC02"' and 6 other step(s) are undefined.
You can implement these steps using the snippet(s) below:

@Given("the user loads test data for {string}")
public void the_user_loads_test_data_for(String string) {
    // Write code here that turns the phrase above into concrete actions
    throw new io.cucumber.java.PendingException();
}
@Given("the user clicks on Airport transfer and selects Type")
public void the_user_clicks_on_airport_transfer_and_selects_type() {
    // Write code here that turns the phrase above into concrete actions
    throw new io.cucumber.java.PendingException();
}
@Given("the user enters the source city and selects SourceValue")
public void the_user_enters_the_source_city_and_selects_source_value() {
    // Write code here that turns the phrase above into concrete actions
    throw new io.cucumber.java.PendingException();
}
@Given("the user enters the destination city and selects DestinationValue")
public void the_user_enters_the_destination_city_and_selects_destination_value() {
    // Write code here that turns the phrase above into concrete actions
    throw new io.cucumber.java.PendingException();
}
@Given("the user selects the date and time")
public void the_user_selects_the_date_and_time() {
    // Write code here that turns the phrase above into concrete actions
    throw new io.cucumber.java.PendingException();
}
@When("the user clicks the Search button")
public void the_user_clicks_the_search_button() {
    // Write code here that turns the phrase above into concrete actions
    throw new io.cucumber.java.PendingException();
}
@Then("the filtered cab results should be displayed")
public void the_filtered_cab_results_should_be_displayed() {
    // Write code here that turns the phrase above into concrete actions
    throw new io.cucumber.java.PendingException();
}

at ✽.the user loads test data for "TC02"(file:///C:/Users/2421255/OneDrive%20-%20Cognizant/Desktop/java%20core/EaseMyTrip_Hackathon/./src/test/resources/features/01_AirportCabs.feature:5)
]]>
            </full-stacktrace>
          </exception> <!-- io.cucumber.testng.UndefinedStepException -->
          <reporter-output>
          </reporter-output>
        </test-method> <!-- runScenario -->
        <test-method retried="true" signature="runScenario(io.cucumber.testng.PickleWrapper,io.cucumber.testng.FeatureWrapper)[pri:0, instance:com.emt.runners.TestRunner@452e19ca]" started-at="2025-08-22T13:37:53 IST" name="runScenario" description="Runs Cucumber Scenarios" data-provider="scenarios" finished-at="2025-08-22T13:37:53 IST" duration-ms="20" status="SKIP">
          <params>
            <param index="0">
              <value>
                <![CDATA["Cab booking with Excel data for Airport Pickup and Drop"]]>
              </value>
            </param>
            <param index="1">
              <value>
                <![CDATA["Searching for Airport Cab details in EaseMyTrip Website"]]>
              </value>
            </param>
          </params>
          <exception class="io.cucumber.testng.UndefinedStepException">
            <message>
              <![CDATA[The step 'the user loads test data for "TC02"' and 6 other step(s) are undefined.
You can implement these steps using the snippet(s) below:

@Given("the user loads test data for {string}")
public void the_user_loads_test_data_for(String string) {
    // Write code here that turns the phrase above into concrete actions
    throw new io.cucumber.java.PendingException();
}
@Given("the user clicks on Airport transfer and selects Type")
public void the_user_clicks_on_airport_transfer_and_selects_type() {
    // Write code here that turns the phrase above into concrete actions
    throw new io.cucumber.java.PendingException();
}
@Given("the user enters the source city and selects SourceValue")
public void the_user_enters_the_source_city_and_selects_source_value() {
    // Write code here that turns the phrase above into concrete actions
    throw new io.cucumber.java.PendingException();
}
@Given("the user enters the destination city and selects DestinationValue")
public void the_user_enters_the_destination_city_and_selects_destination_value() {
    // Write code here that turns the phrase above into concrete actions
    throw new io.cucumber.java.PendingException();
}
@Given("the user selects the date and time")
public void the_user_selects_the_date_and_time() {
    // Write code here that turns the phrase above into concrete actions
    throw new io.cucumber.java.PendingException();
}
@When("the user clicks the Search button")
public void the_user_clicks_the_search_button() {
    // Write code here that turns the phrase above into concrete actions
    throw new io.cucumber.java.PendingException();
}
@Then("the filtered cab results should be displayed")
public void the_filtered_cab_results_should_be_displayed() {
    // Write code here that turns the phrase above into concrete actions
    throw new io.cucumber.java.PendingException();
}
]]>
            </message>
            <full-stacktrace>
              <![CDATA[io.cucumber.testng.UndefinedStepException: The step 'the user loads test data for "TC02"' and 6 other step(s) are undefined.
You can implement these steps using the snippet(s) below:

@Given("the user loads test data for {string}")
public void the_user_loads_test_data_for(String string) {
    // Write code here that turns the phrase above into concrete actions
    throw new io.cucumber.java.PendingException();
}
@Given("the user clicks on Airport transfer and selects Type")
public void the_user_clicks_on_airport_transfer_and_selects_type() {
    // Write code here that turns the phrase above into concrete actions
    throw new io.cucumber.java.PendingException();
}
@Given("the user enters the source city and selects SourceValue")
public void the_user_enters_the_source_city_and_selects_source_value() {
    // Write code here that turns the phrase above into concrete actions
    throw new io.cucumber.java.PendingException();
}
@Given("the user enters the destination city and selects DestinationValue")
public void the_user_enters_the_destination_city_and_selects_destination_value() {
    // Write code here that turns the phrase above into concrete actions
    throw new io.cucumber.java.PendingException();
}
@Given("the user selects the date and time")
public void the_user_selects_the_date_and_time() {
    // Write code here that turns the phrase above into concrete actions
    throw new io.cucumber.java.PendingException();
}
@When("the user clicks the Search button")
public void the_user_clicks_the_search_button() {
    // Write code here that turns the phrase above into concrete actions
    throw new io.cucumber.java.PendingException();
}
@Then("the filtered cab results should be displayed")
public void the_filtered_cab_results_should_be_displayed() {
    // Write code here that turns the phrase above into concrete actions
    throw new io.cucumber.java.PendingException();
}

at ✽.the user loads test data for "TC02"(file:///C:/Users/2421255/OneDrive%20-%20Cognizant/Desktop/java%20core/EaseMyTrip_Hackathon/./src/test/resources/features/01_AirportCabs.feature:5)
]]>
            </full-stacktrace>
          </exception> <!-- io.cucumber.testng.UndefinedStepException -->
          <reporter-output>
          </reporter-output>
        </test-method> <!-- runScenario -->
        <test-method signature="runScenario(io.cucumber.testng.PickleWrapper,io.cucumber.testng.FeatureWrapper)[pri:0, instance:com.emt.runners.TestRunner@452e19ca]" started-at="2025-08-22T13:37:53 IST" name="runScenario" description="Runs Cucumber Scenarios" data-provider="scenarios" finished-at="2025-08-22T13:37:53 IST" duration-ms="28" status="FAIL">
          <params>
            <param index="0">
              <value>
                <![CDATA["Cab booking with Excel data for Airport Pickup and Drop"]]>
              </value>
            </param>
            <param index="1">
              <value>
                <![CDATA["Searching for Airport Cab details in EaseMyTrip Website"]]>
              </value>
            </param>
          </params>
          <exception class="io.cucumber.testng.UndefinedStepException">
            <message>
              <![CDATA[The step 'the user loads test data for "TC02"' and 6 other step(s) are undefined.
You can implement these steps using the snippet(s) below:

@Given("the user loads test data for {string}")
public void the_user_loads_test_data_for(String string) {
    // Write code here that turns the phrase above into concrete actions
    throw new io.cucumber.java.PendingException();
}
@Given("the user clicks on Airport transfer and selects Type")
public void the_user_clicks_on_airport_transfer_and_selects_type() {
    // Write code here that turns the phrase above into concrete actions
    throw new io.cucumber.java.PendingException();
}
@Given("the user enters the source city and selects SourceValue")
public void the_user_enters_the_source_city_and_selects_source_value() {
    // Write code here that turns the phrase above into concrete actions
    throw new io.cucumber.java.PendingException();
}
@Given("the user enters the destination city and selects DestinationValue")
public void the_user_enters_the_destination_city_and_selects_destination_value() {
    // Write code here that turns the phrase above into concrete actions
    throw new io.cucumber.java.PendingException();
}
@Given("the user selects the date and time")
public void the_user_selects_the_date_and_time() {
    // Write code here that turns the phrase above into concrete actions
    throw new io.cucumber.java.PendingException();
}
@When("the user clicks the Search button")
public void the_user_clicks_the_search_button() {
    // Write code here that turns the phrase above into concrete actions
    throw new io.cucumber.java.PendingException();
}
@Then("the filtered cab results should be displayed")
public void the_filtered_cab_results_should_be_displayed() {
    // Write code here that turns the phrase above into concrete actions
    throw new io.cucumber.java.PendingException();
}
]]>
            </message>
            <full-stacktrace>
              <![CDATA[io.cucumber.testng.UndefinedStepException: The step 'the user loads test data for "TC02"' and 6 other step(s) are undefined.
You can implement these steps using the snippet(s) below:

@Given("the user loads test data for {string}")
public void the_user_loads_test_data_for(String string) {
    // Write code here that turns the phrase above into concrete actions
    throw new io.cucumber.java.PendingException();
}
@Given("the user clicks on Airport transfer and selects Type")
public void the_user_clicks_on_airport_transfer_and_selects_type() {
    // Write code here that turns the phrase above into concrete actions
    throw new io.cucumber.java.PendingException();
}
@Given("the user enters the source city and selects SourceValue")
public void the_user_enters_the_source_city_and_selects_source_value() {
    // Write code here that turns the phrase above into concrete actions
    throw new io.cucumber.java.PendingException();
}
@Given("the user enters the destination city and selects DestinationValue")
public void the_user_enters_the_destination_city_and_selects_destination_value() {
    // Write code here that turns the phrase above into concrete actions
    throw new io.cucumber.java.PendingException();
}
@Given("the user selects the date and time")
public void the_user_selects_the_date_and_time() {
    // Write code here that turns the phrase above into concrete actions
    throw new io.cucumber.java.PendingException();
}
@When("the user clicks the Search button")
public void the_user_clicks_the_search_button() {
    // Write code here that turns the phrase above into concrete actions
    throw new io.cucumber.java.PendingException();
}
@Then("the filtered cab results should be displayed")
public void the_filtered_cab_results_should_be_displayed() {
    // Write code here that turns the phrase above into concrete actions
    throw new io.cucumber.java.PendingException();
}

at ✽.the user loads test data for "TC02"(file:///C:/Users/2421255/OneDrive%20-%20Cognizant/Desktop/java%20core/EaseMyTrip_Hackathon/./src/test/resources/features/01_AirportCabs.feature:5)
]]>
            </full-stacktrace>
          </exception> <!-- io.cucumber.testng.UndefinedStepException -->
          <reporter-output>
          </reporter-output>
        </test-method> <!-- runScenario -->
        <test-method retried="true" signature="runScenario(io.cucumber.testng.PickleWrapper,io.cucumber.testng.FeatureWrapper)[pri:0, instance:com.emt.runners.TestRunner@452e19ca]" started-at="2025-08-22T13:37:53 IST" name="runScenario" description="Runs Cucumber Scenarios" data-provider="scenarios" finished-at="2025-08-22T13:37:53 IST" duration-ms="55" status="SKIP">
          <params>
            <param index="0">
              <value>
                <![CDATA["Book Outstation with one-way trip"]]>
              </value>
            </param>
            <param index="1">
              <value>
                <![CDATA["Searching for Outstation Cab details on EaseMyTrip"]]>
              </value>
            </param>
          </params>
          <exception class="io.cucumber.testng.UndefinedStepException">
            <message>
              <![CDATA[The step 'The user go to Cabs and select Outstation OneWay Trip' and 5 other step(s) are undefined.
You can implement these steps using the snippet(s) below:

@Given("The user go to Cabs and select Outstation OneWay Trip")
public void the_user_go_to_cabs_and_select_outstation_one_way_trip() {
    // Write code here that turns the phrase above into concrete actions
    throw new io.cucumber.java.PendingException();
}
@When("The user select from city and to city")
public void the_user_select_from_city_and_to_city() {
    // Write code here that turns the phrase above into concrete actions
    throw new io.cucumber.java.PendingException();
}
@When("The user selects Date")
public void the_user_selects_date() {
    // Write code here that turns the phrase above into concrete actions
    throw new io.cucumber.java.PendingException();
}
@When("The user choose Time")
public void the_user_choose_time() {
    // Write code here that turns the phrase above into concrete actions
    throw new io.cucumber.java.PendingException();
}
@Then("The user click Search")
public void the_user_click_search() {
    // Write code here that turns the phrase above into concrete actions
    throw new io.cucumber.java.PendingException();
}
@Then("The user apply SUV filter and printing results based on more options")
public void the_user_apply_suv_filter_and_printing_results_based_on_more_options() {
    // Write code here that turns the phrase above into concrete actions
    throw new io.cucumber.java.PendingException();
}
]]>
            </message>
            <full-stacktrace>
              <![CDATA[io.cucumber.testng.UndefinedStepException: The step 'The user go to Cabs and select Outstation OneWay Trip' and 5 other step(s) are undefined.
You can implement these steps using the snippet(s) below:

@Given("The user go to Cabs and select Outstation OneWay Trip")
public void the_user_go_to_cabs_and_select_outstation_one_way_trip() {
    // Write code here that turns the phrase above into concrete actions
    throw new io.cucumber.java.PendingException();
}
@When("The user select from city and to city")
public void the_user_select_from_city_and_to_city() {
    // Write code here that turns the phrase above into concrete actions
    throw new io.cucumber.java.PendingException();
}
@When("The user selects Date")
public void the_user_selects_date() {
    // Write code here that turns the phrase above into concrete actions
    throw new io.cucumber.java.PendingException();
}
@When("The user choose Time")
public void the_user_choose_time() {
    // Write code here that turns the phrase above into concrete actions
    throw new io.cucumber.java.PendingException();
}
@Then("The user click Search")
public void the_user_click_search() {
    // Write code here that turns the phrase above into concrete actions
    throw new io.cucumber.java.PendingException();
}
@Then("The user apply SUV filter and printing results based on more options")
public void the_user_apply_suv_filter_and_printing_results_based_on_more_options() {
    // Write code here that turns the phrase above into concrete actions
    throw new io.cucumber.java.PendingException();
}

at ✽.The user go to Cabs and select Outstation OneWay Trip(file:///C:/Users/2421255/OneDrive%20-%20Cognizant/Desktop/java%20core/EaseMyTrip_Hackathon/./src/test/resources/features/02_OutstationCabs.feature:6)
]]>
            </full-stacktrace>
          </exception> <!-- io.cucumber.testng.UndefinedStepException -->
          <reporter-output>
          </reporter-output>
        </test-method> <!-- runScenario -->
        <test-method retried="true" signature="runScenario(io.cucumber.testng.PickleWrapper,io.cucumber.testng.FeatureWrapper)[pri:0, instance:com.emt.runners.TestRunner@452e19ca]" started-at="2025-08-22T13:37:53 IST" name="runScenario" description="Runs Cucumber Scenarios" data-provider="scenarios" finished-at="2025-08-22T13:37:53 IST" duration-ms="59" status="SKIP">
          <params>
            <param index="0">
              <value>
                <![CDATA["Book Outstation with one-way trip"]]>
              </value>
            </param>
            <param index="1">
              <value>
                <![CDATA["Searching for Outstation Cab details on EaseMyTrip"]]>
              </value>
            </param>
          </params>
          <exception class="io.cucumber.testng.UndefinedStepException">
            <message>
              <![CDATA[The step 'The user go to Cabs and select Outstation OneWay Trip' and 5 other step(s) are undefined.
You can implement these steps using the snippet(s) below:

@Given("The user go to Cabs and select Outstation OneWay Trip")
public void the_user_go_to_cabs_and_select_outstation_one_way_trip() {
    // Write code here that turns the phrase above into concrete actions
    throw new io.cucumber.java.PendingException();
}
@When("The user select from city and to city")
public void the_user_select_from_city_and_to_city() {
    // Write code here that turns the phrase above into concrete actions
    throw new io.cucumber.java.PendingException();
}
@When("The user selects Date")
public void the_user_selects_date() {
    // Write code here that turns the phrase above into concrete actions
    throw new io.cucumber.java.PendingException();
}
@When("The user choose Time")
public void the_user_choose_time() {
    // Write code here that turns the phrase above into concrete actions
    throw new io.cucumber.java.PendingException();
}
@Then("The user click Search")
public void the_user_click_search() {
    // Write code here that turns the phrase above into concrete actions
    throw new io.cucumber.java.PendingException();
}
@Then("The user apply SUV filter and printing results based on more options")
public void the_user_apply_suv_filter_and_printing_results_based_on_more_options() {
    // Write code here that turns the phrase above into concrete actions
    throw new io.cucumber.java.PendingException();
}
]]>
            </message>
            <full-stacktrace>
              <![CDATA[io.cucumber.testng.UndefinedStepException: The step 'The user go to Cabs and select Outstation OneWay Trip' and 5 other step(s) are undefined.
You can implement these steps using the snippet(s) below:

@Given("The user go to Cabs and select Outstation OneWay Trip")
public void the_user_go_to_cabs_and_select_outstation_one_way_trip() {
    // Write code here that turns the phrase above into concrete actions
    throw new io.cucumber.java.PendingException();
}
@When("The user select from city and to city")
public void the_user_select_from_city_and_to_city() {
    // Write code here that turns the phrase above into concrete actions
    throw new io.cucumber.java.PendingException();
}
@When("The user selects Date")
public void the_user_selects_date() {
    // Write code here that turns the phrase above into concrete actions
    throw new io.cucumber.java.PendingException();
}
@When("The user choose Time")
public void the_user_choose_time() {
    // Write code here that turns the phrase above into concrete actions
    throw new io.cucumber.java.PendingException();
}
@Then("The user click Search")
public void the_user_click_search() {
    // Write code here that turns the phrase above into concrete actions
    throw new io.cucumber.java.PendingException();
}
@Then("The user apply SUV filter and printing results based on more options")
public void the_user_apply_suv_filter_and_printing_results_based_on_more_options() {
    // Write code here that turns the phrase above into concrete actions
    throw new io.cucumber.java.PendingException();
}

at ✽.The user go to Cabs and select Outstation OneWay Trip(file:///C:/Users/2421255/OneDrive%20-%20Cognizant/Desktop/java%20core/EaseMyTrip_Hackathon/./src/test/resources/features/02_OutstationCabs.feature:6)
]]>
            </full-stacktrace>
          </exception> <!-- io.cucumber.testng.UndefinedStepException -->
          <reporter-output>
          </reporter-output>
        </test-method> <!-- runScenario -->
        <test-method signature="runScenario(io.cucumber.testng.PickleWrapper,io.cucumber.testng.FeatureWrapper)[pri:0, instance:com.emt.runners.TestRunner@452e19ca]" started-at="2025-08-22T13:37:53 IST" name="runScenario" description="Runs Cucumber Scenarios" data-provider="scenarios" finished-at="2025-08-22T13:37:53 IST" duration-ms="35" status="FAIL">
          <params>
            <param index="0">
              <value>
                <![CDATA["Book Outstation with one-way trip"]]>
              </value>
            </param>
            <param index="1">
              <value>
                <![CDATA["Searching for Outstation Cab details on EaseMyTrip"]]>
              </value>
            </param>
          </params>
          <exception class="io.cucumber.testng.UndefinedStepException">
            <message>
              <![CDATA[The step 'The user go to Cabs and select Outstation OneWay Trip' and 5 other step(s) are undefined.
You can implement these steps using the snippet(s) below:

@Given("The user go to Cabs and select Outstation OneWay Trip")
public void the_user_go_to_cabs_and_select_outstation_one_way_trip() {
    // Write code here that turns the phrase above into concrete actions
    throw new io.cucumber.java.PendingException();
}
@When("The user select from city and to city")
public void the_user_select_from_city_and_to_city() {
    // Write code here that turns the phrase above into concrete actions
    throw new io.cucumber.java.PendingException();
}
@When("The user selects Date")
public void the_user_selects_date() {
    // Write code here that turns the phrase above into concrete actions
    throw new io.cucumber.java.PendingException();
}
@When("The user choose Time")
public void the_user_choose_time() {
    // Write code here that turns the phrase above into concrete actions
    throw new io.cucumber.java.PendingException();
}
@Then("The user click Search")
public void the_user_click_search() {
    // Write code here that turns the phrase above into concrete actions
    throw new io.cucumber.java.PendingException();
}
@Then("The user apply SUV filter and printing results based on more options")
public void the_user_apply_suv_filter_and_printing_results_based_on_more_options() {
    // Write code here that turns the phrase above into concrete actions
    throw new io.cucumber.java.PendingException();
}
]]>
            </message>
            <full-stacktrace>
              <![CDATA[io.cucumber.testng.UndefinedStepException: The step 'The user go to Cabs and select Outstation OneWay Trip' and 5 other step(s) are undefined.
You can implement these steps using the snippet(s) below:

@Given("The user go to Cabs and select Outstation OneWay Trip")
public void the_user_go_to_cabs_and_select_outstation_one_way_trip() {
    // Write code here that turns the phrase above into concrete actions
    throw new io.cucumber.java.PendingException();
}
@When("The user select from city and to city")
public void the_user_select_from_city_and_to_city() {
    // Write code here that turns the phrase above into concrete actions
    throw new io.cucumber.java.PendingException();
}
@When("The user selects Date")
public void the_user_selects_date() {
    // Write code here that turns the phrase above into concrete actions
    throw new io.cucumber.java.PendingException();
}
@When("The user choose Time")
public void the_user_choose_time() {
    // Write code here that turns the phrase above into concrete actions
    throw new io.cucumber.java.PendingException();
}
@Then("The user click Search")
public void the_user_click_search() {
    // Write code here that turns the phrase above into concrete actions
    throw new io.cucumber.java.PendingException();
}
@Then("The user apply SUV filter and printing results based on more options")
public void the_user_apply_suv_filter_and_printing_results_based_on_more_options() {
    // Write code here that turns the phrase above into concrete actions
    throw new io.cucumber.java.PendingException();
}

at ✽.The user go to Cabs and select Outstation OneWay Trip(file:///C:/Users/2421255/OneDrive%20-%20Cognizant/Desktop/java%20core/EaseMyTrip_Hackathon/./src/test/resources/features/02_OutstationCabs.feature:6)
]]>
            </full-stacktrace>
          </exception> <!-- io.cucumber.testng.UndefinedStepException -->
          <reporter-output>
          </reporter-output>
        </test-method> <!-- runScenario -->
        <test-method retried="true" signature="runScenario(io.cucumber.testng.PickleWrapper,io.cucumber.testng.FeatureWrapper)[pri:0, instance:com.emt.runners.TestRunner@452e19ca]" started-at="2025-08-22T13:37:53 IST" name="runScenario" description="Runs Cucumber Scenarios" data-provider="scenarios" finished-at="2025-08-22T13:37:53 IST" duration-ms="35" status="SKIP">
          <params>
            <param index="0">
              <value>
                <![CDATA["Book Outstation for round-way trip"]]>
              </value>
            </param>
            <param index="1">
              <value>
                <![CDATA["Searching for Outstation Cab details on EaseMyTrip"]]>
              </value>
            </param>
          </params>
          <exception class="io.cucumber.testng.UndefinedStepException">
            <message>
              <![CDATA[The step 'The user go to Cabs and select Outstation Round Trip' and 7 other step(s) are undefined.
You can implement these steps using the snippet(s) below:

@Given("The user go to Cabs and select Outstation Round Trip")
public void the_user_go_to_cabs_and_select_outstation_round_trip() {
    // Write code here that turns the phrase above into concrete actions
    throw new io.cucumber.java.PendingException();
}
@When("user select From city and to city")
public void user_select_from_city_and_to_city() {
    // Write code here that turns the phrase above into concrete actions
    throw new io.cucumber.java.PendingException();
}
@When("The user selects pickUp date")
public void the_user_selects_pick_up_date() {
    // Write code here that turns the phrase above into concrete actions
    throw new io.cucumber.java.PendingException();
}
@When("The user choose pick up time")
public void the_user_choose_pick_up_time() {
    // Write code here that turns the phrase above into concrete actions
    throw new io.cucumber.java.PendingException();
}
@When("The user selects return date")
public void the_user_selects_return_date() {
    // Write code here that turns the phrase above into concrete actions
    throw new io.cucumber.java.PendingException();
}
@When("The user choose return time")
public void the_user_choose_return_time() {
    // Write code here that turns the phrase above into concrete actions
    throw new io.cucumber.java.PendingException();
}
@Then("user click Search")
public void user_click_search() {
    // Write code here that turns the phrase above into concrete actions
    throw new io.cucumber.java.PendingException();
}
@Then("The user apply Filter to fetch data")
public void the_user_apply_filter_to_fetch_data() {
    // Write code here that turns the phrase above into concrete actions
    throw new io.cucumber.java.PendingException();
}
]]>
            </message>
            <full-stacktrace>
              <![CDATA[io.cucumber.testng.UndefinedStepException: The step 'The user go to Cabs and select Outstation Round Trip' and 7 other step(s) are undefined.
You can implement these steps using the snippet(s) below:

@Given("The user go to Cabs and select Outstation Round Trip")
public void the_user_go_to_cabs_and_select_outstation_round_trip() {
    // Write code here that turns the phrase above into concrete actions
    throw new io.cucumber.java.PendingException();
}
@When("user select From city and to city")
public void user_select_from_city_and_to_city() {
    // Write code here that turns the phrase above into concrete actions
    throw new io.cucumber.java.PendingException();
}
@When("The user selects pickUp date")
public void the_user_selects_pick_up_date() {
    // Write code here that turns the phrase above into concrete actions
    throw new io.cucumber.java.PendingException();
}
@When("The user choose pick up time")
public void the_user_choose_pick_up_time() {
    // Write code here that turns the phrase above into concrete actions
    throw new io.cucumber.java.PendingException();
}
@When("The user selects return date")
public void the_user_selects_return_date() {
    // Write code here that turns the phrase above into concrete actions
    throw new io.cucumber.java.PendingException();
}
@When("The user choose return time")
public void the_user_choose_return_time() {
    // Write code here that turns the phrase above into concrete actions
    throw new io.cucumber.java.PendingException();
}
@Then("user click Search")
public void user_click_search() {
    // Write code here that turns the phrase above into concrete actions
    throw new io.cucumber.java.PendingException();
}
@Then("The user apply Filter to fetch data")
public void the_user_apply_filter_to_fetch_data() {
    // Write code here that turns the phrase above into concrete actions
    throw new io.cucumber.java.PendingException();
}

at ✽.The user go to Cabs and select Outstation Round Trip(file:///C:/Users/2421255/OneDrive%20-%20Cognizant/Desktop/java%20core/EaseMyTrip_Hackathon/./src/test/resources/features/02_OutstationCabs.feature:15)
]]>
            </full-stacktrace>
          </exception> <!-- io.cucumber.testng.UndefinedStepException -->
          <reporter-output>
          </reporter-output>
        </test-method> <!-- runScenario -->
        <test-method retried="true" signature="runScenario(io.cucumber.testng.PickleWrapper,io.cucumber.testng.FeatureWrapper)[pri:0, instance:com.emt.runners.TestRunner@452e19ca]" started-at="2025-08-22T13:37:53 IST" name="runScenario" description="Runs Cucumber Scenarios" data-provider="scenarios" finished-at="2025-08-22T13:37:53 IST" duration-ms="20" status="SKIP">
          <params>
            <param index="0">
              <value>
                <![CDATA["Book Outstation for round-way trip"]]>
              </value>
            </param>
            <param index="1">
              <value>
                <![CDATA["Searching for Outstation Cab details on EaseMyTrip"]]>
              </value>
            </param>
          </params>
          <exception class="io.cucumber.testng.UndefinedStepException">
            <message>
              <![CDATA[The step 'The user go to Cabs and select Outstation Round Trip' and 7 other step(s) are undefined.
You can implement these steps using the snippet(s) below:

@Given("The user go to Cabs and select Outstation Round Trip")
public void the_user_go_to_cabs_and_select_outstation_round_trip() {
    // Write code here that turns the phrase above into concrete actions
    throw new io.cucumber.java.PendingException();
}
@When("user select From city and to city")
public void user_select_from_city_and_to_city() {
    // Write code here that turns the phrase above into concrete actions
    throw new io.cucumber.java.PendingException();
}
@When("The user selects pickUp date")
public void the_user_selects_pick_up_date() {
    // Write code here that turns the phrase above into concrete actions
    throw new io.cucumber.java.PendingException();
}
@When("The user choose pick up time")
public void the_user_choose_pick_up_time() {
    // Write code here that turns the phrase above into concrete actions
    throw new io.cucumber.java.PendingException();
}
@When("The user selects return date")
public void the_user_selects_return_date() {
    // Write code here that turns the phrase above into concrete actions
    throw new io.cucumber.java.PendingException();
}
@When("The user choose return time")
public void the_user_choose_return_time() {
    // Write code here that turns the phrase above into concrete actions
    throw new io.cucumber.java.PendingException();
}
@Then("user click Search")
public void user_click_search() {
    // Write code here that turns the phrase above into concrete actions
    throw new io.cucumber.java.PendingException();
}
@Then("The user apply Filter to fetch data")
public void the_user_apply_filter_to_fetch_data() {
    // Write code here that turns the phrase above into concrete actions
    throw new io.cucumber.java.PendingException();
}
]]>
            </message>
            <full-stacktrace>
              <![CDATA[io.cucumber.testng.UndefinedStepException: The step 'The user go to Cabs and select Outstation Round Trip' and 7 other step(s) are undefined.
You can implement these steps using the snippet(s) below:

@Given("The user go to Cabs and select Outstation Round Trip")
public void the_user_go_to_cabs_and_select_outstation_round_trip() {
    // Write code here that turns the phrase above into concrete actions
    throw new io.cucumber.java.PendingException();
}
@When("user select From city and to city")
public void user_select_from_city_and_to_city() {
    // Write code here that turns the phrase above into concrete actions
    throw new io.cucumber.java.PendingException();
}
@When("The user selects pickUp date")
public void the_user_selects_pick_up_date() {
    // Write code here that turns the phrase above into concrete actions
    throw new io.cucumber.java.PendingException();
}
@When("The user choose pick up time")
public void the_user_choose_pick_up_time() {
    // Write code here that turns the phrase above into concrete actions
    throw new io.cucumber.java.PendingException();
}
@When("The user selects return date")
public void the_user_selects_return_date() {
    // Write code here that turns the phrase above into concrete actions
    throw new io.cucumber.java.PendingException();
}
@When("The user choose return time")
public void the_user_choose_return_time() {
    // Write code here that turns the phrase above into concrete actions
    throw new io.cucumber.java.PendingException();
}
@Then("user click Search")
public void user_click_search() {
    // Write code here that turns the phrase above into concrete actions
    throw new io.cucumber.java.PendingException();
}
@Then("The user apply Filter to fetch data")
public void the_user_apply_filter_to_fetch_data() {
    // Write code here that turns the phrase above into concrete actions
    throw new io.cucumber.java.PendingException();
}

at ✽.The user go to Cabs and select Outstation Round Trip(file:///C:/Users/2421255/OneDrive%20-%20Cognizant/Desktop/java%20core/EaseMyTrip_Hackathon/./src/test/resources/features/02_OutstationCabs.feature:15)
]]>
            </full-stacktrace>
          </exception> <!-- io.cucumber.testng.UndefinedStepException -->
          <reporter-output>
          </reporter-output>
        </test-method> <!-- runScenario -->
        <test-method signature="runScenario(io.cucumber.testng.PickleWrapper,io.cucumber.testng.FeatureWrapper)[pri:0, instance:com.emt.runners.TestRunner@452e19ca]" started-at="2025-08-22T13:37:53 IST" name="runScenario" description="Runs Cucumber Scenarios" data-provider="scenarios" finished-at="2025-08-22T13:37:53 IST" duration-ms="73" status="FAIL">
          <params>
            <param index="0">
              <value>
                <![CDATA["Book Outstation for round-way trip"]]>
              </value>
            </param>
            <param index="1">
              <value>
                <![CDATA["Searching for Outstation Cab details on EaseMyTrip"]]>
              </value>
            </param>
          </params>
          <exception class="io.cucumber.testng.UndefinedStepException">
            <message>
              <![CDATA[The step 'The user go to Cabs and select Outstation Round Trip' and 7 other step(s) are undefined.
You can implement these steps using the snippet(s) below:

@Given("The user go to Cabs and select Outstation Round Trip")
public void the_user_go_to_cabs_and_select_outstation_round_trip() {
    // Write code here that turns the phrase above into concrete actions
    throw new io.cucumber.java.PendingException();
}
@When("user select From city and to city")
public void user_select_from_city_and_to_city() {
    // Write code here that turns the phrase above into concrete actions
    throw new io.cucumber.java.PendingException();
}
@When("The user selects pickUp date")
public void the_user_selects_pick_up_date() {
    // Write code here that turns the phrase above into concrete actions
    throw new io.cucumber.java.PendingException();
}
@When("The user choose pick up time")
public void the_user_choose_pick_up_time() {
    // Write code here that turns the phrase above into concrete actions
    throw new io.cucumber.java.PendingException();
}
@When("The user selects return date")
public void the_user_selects_return_date() {
    // Write code here that turns the phrase above into concrete actions
    throw new io.cucumber.java.PendingException();
}
@When("The user choose return time")
public void the_user_choose_return_time() {
    // Write code here that turns the phrase above into concrete actions
    throw new io.cucumber.java.PendingException();
}
@Then("user click Search")
public void user_click_search() {
    // Write code here that turns the phrase above into concrete actions
    throw new io.cucumber.java.PendingException();
}
@Then("The user apply Filter to fetch data")
public void the_user_apply_filter_to_fetch_data() {
    // Write code here that turns the phrase above into concrete actions
    throw new io.cucumber.java.PendingException();
}
]]>
            </message>
            <full-stacktrace>
              <![CDATA[io.cucumber.testng.UndefinedStepException: The step 'The user go to Cabs and select Outstation Round Trip' and 7 other step(s) are undefined.
You can implement these steps using the snippet(s) below:

@Given("The user go to Cabs and select Outstation Round Trip")
public void the_user_go_to_cabs_and_select_outstation_round_trip() {
    // Write code here that turns the phrase above into concrete actions
    throw new io.cucumber.java.PendingException();
}
@When("user select From city and to city")
public void user_select_from_city_and_to_city() {
    // Write code here that turns the phrase above into concrete actions
    throw new io.cucumber.java.PendingException();
}
@When("The user selects pickUp date")
public void the_user_selects_pick_up_date() {
    // Write code here that turns the phrase above into concrete actions
    throw new io.cucumber.java.PendingException();
}
@When("The user choose pick up time")
public void the_user_choose_pick_up_time() {
    // Write code here that turns the phrase above into concrete actions
    throw new io.cucumber.java.PendingException();
}
@When("The user selects return date")
public void the_user_selects_return_date() {
    // Write code here that turns the phrase above into concrete actions
    throw new io.cucumber.java.PendingException();
}
@When("The user choose return time")
public void the_user_choose_return_time() {
    // Write code here that turns the phrase above into concrete actions
    throw new io.cucumber.java.PendingException();
}
@Then("user click Search")
public void user_click_search() {
    // Write code here that turns the phrase above into concrete actions
    throw new io.cucumber.java.PendingException();
}
@Then("The user apply Filter to fetch data")
public void the_user_apply_filter_to_fetch_data() {
    // Write code here that turns the phrase above into concrete actions
    throw new io.cucumber.java.PendingException();
}

at ✽.The user go to Cabs and select Outstation Round Trip(file:///C:/Users/2421255/OneDrive%20-%20Cognizant/Desktop/java%20core/EaseMyTrip_Hackathon/./src/test/resources/features/02_OutstationCabs.feature:15)
]]>
            </full-stacktrace>
          </exception> <!-- io.cucumber.testng.UndefinedStepException -->
          <reporter-output>
          </reporter-output>
        </test-method> <!-- runScenario -->
        <test-method retried="true" signature="runScenario(io.cucumber.testng.PickleWrapper,io.cucumber.testng.FeatureWrapper)[pri:0, instance:com.emt.runners.TestRunner@452e19ca]" started-at="2025-08-22T13:37:53 IST" name="runScenario" description="Runs Cucumber Scenarios" data-provider="scenarios" finished-at="2025-08-22T13:37:53 IST" duration-ms="22" status="SKIP">
          <params>
            <param index="0">
              <value>
                <![CDATA["Book hourly rental with time, date and SUV filter"]]>
              </value>
            </param>
            <param index="1">
              <value>
                <![CDATA["Searching for Hourly Cab details on EaseMyTrip"]]>
              </value>
            </param>
          </params>
          <exception class="io.cucumber.testng.UndefinedStepException">
            <message>
              <![CDATA[The step 'user open the browser and navigate to EaseMyTrip' and 4 other step(s) are undefined.
You can implement these steps using the snippet(s) below:

@Given("user open the browser and navigate to EaseMyTrip")
public void user_open_the_browser_and_navigate_to_ease_my_trip() {
    // Write code here that turns the phrase above into concrete actions
    throw new io.cucumber.java.PendingException();
}
@When("The user go to Cabs and select hourly")
public void the_user_go_to_cabs_and_select_hourly() {
    // Write code here that turns the phrase above into concrete actions
    throw new io.cucumber.java.PendingException();
}
@When("The user search hourly cab from Visakhapatnam on {int} September {int} at {int}:{int} AM for {int} hours")
public void the_user_search_hourly_cab_from_visakhapatnam_on_september_at_am_for_hours(Integer int1, Integer int2, Integer int3, Integer int4, Integer int5) {
    // Write code here that turns the phrase above into concrete actions
    throw new io.cucumber.java.PendingException();
}
@Then("The user apply SUV filter")
public void the_user_apply_suv_filter() {
    // Write code here that turns the phrase above into concrete actions
    throw new io.cucumber.java.PendingException();
}
@Then("The user print the least fare")
public void the_user_print_the_least_fare() {
    // Write code here that turns the phrase above into concrete actions
    throw new io.cucumber.java.PendingException();
}
]]>
            </message>
            <full-stacktrace>
              <![CDATA[io.cucumber.testng.UndefinedStepException: The step 'user open the browser and navigate to EaseMyTrip' and 4 other step(s) are undefined.
You can implement these steps using the snippet(s) below:

@Given("user open the browser and navigate to EaseMyTrip")
public void user_open_the_browser_and_navigate_to_ease_my_trip() {
    // Write code here that turns the phrase above into concrete actions
    throw new io.cucumber.java.PendingException();
}
@When("The user go to Cabs and select hourly")
public void the_user_go_to_cabs_and_select_hourly() {
    // Write code here that turns the phrase above into concrete actions
    throw new io.cucumber.java.PendingException();
}
@When("The user search hourly cab from Visakhapatnam on {int} September {int} at {int}:{int} AM for {int} hours")
public void the_user_search_hourly_cab_from_visakhapatnam_on_september_at_am_for_hours(Integer int1, Integer int2, Integer int3, Integer int4, Integer int5) {
    // Write code here that turns the phrase above into concrete actions
    throw new io.cucumber.java.PendingException();
}
@Then("The user apply SUV filter")
public void the_user_apply_suv_filter() {
    // Write code here that turns the phrase above into concrete actions
    throw new io.cucumber.java.PendingException();
}
@Then("The user print the least fare")
public void the_user_print_the_least_fare() {
    // Write code here that turns the phrase above into concrete actions
    throw new io.cucumber.java.PendingException();
}

at ✽.user open the browser and navigate to EaseMyTrip(file:///C:/Users/2421255/OneDrive%20-%20Cognizant/Desktop/java%20core/EaseMyTrip_Hackathon/./src/test/resources/features/03_HourlyCabs.feature:6)
]]>
            </full-stacktrace>
          </exception> <!-- io.cucumber.testng.UndefinedStepException -->
          <reporter-output>
          </reporter-output>
        </test-method> <!-- runScenario -->
        <test-method retried="true" signature="runScenario(io.cucumber.testng.PickleWrapper,io.cucumber.testng.FeatureWrapper)[pri:0, instance:com.emt.runners.TestRunner@452e19ca]" started-at="2025-08-22T13:37:53 IST" name="runScenario" description="Runs Cucumber Scenarios" data-provider="scenarios" finished-at="2025-08-22T13:37:53 IST" duration-ms="24" status="SKIP">
          <params>
            <param index="0">
              <value>
                <![CDATA["Book hourly rental with time, date and SUV filter"]]>
              </value>
            </param>
            <param index="1">
              <value>
                <![CDATA["Searching for Hourly Cab details on EaseMyTrip"]]>
              </value>
            </param>
          </params>
          <exception class="io.cucumber.testng.UndefinedStepException">
            <message>
              <![CDATA[The step 'user open the browser and navigate to EaseMyTrip' and 4 other step(s) are undefined.
You can implement these steps using the snippet(s) below:

@Given("user open the browser and navigate to EaseMyTrip")
public void user_open_the_browser_and_navigate_to_ease_my_trip() {
    // Write code here that turns the phrase above into concrete actions
    throw new io.cucumber.java.PendingException();
}
@When("The user go to Cabs and select hourly")
public void the_user_go_to_cabs_and_select_hourly() {
    // Write code here that turns the phrase above into concrete actions
    throw new io.cucumber.java.PendingException();
}
@When("The user search hourly cab from Visakhapatnam on {int} September {int} at {int}:{int} AM for {int} hours")
public void the_user_search_hourly_cab_from_visakhapatnam_on_september_at_am_for_hours(Integer int1, Integer int2, Integer int3, Integer int4, Integer int5) {
    // Write code here that turns the phrase above into concrete actions
    throw new io.cucumber.java.PendingException();
}
@Then("The user apply SUV filter")
public void the_user_apply_suv_filter() {
    // Write code here that turns the phrase above into concrete actions
    throw new io.cucumber.java.PendingException();
}
@Then("The user print the least fare")
public void the_user_print_the_least_fare() {
    // Write code here that turns the phrase above into concrete actions
    throw new io.cucumber.java.PendingException();
}
]]>
            </message>
            <full-stacktrace>
              <![CDATA[io.cucumber.testng.UndefinedStepException: The step 'user open the browser and navigate to EaseMyTrip' and 4 other step(s) are undefined.
You can implement these steps using the snippet(s) below:

@Given("user open the browser and navigate to EaseMyTrip")
public void user_open_the_browser_and_navigate_to_ease_my_trip() {
    // Write code here that turns the phrase above into concrete actions
    throw new io.cucumber.java.PendingException();
}
@When("The user go to Cabs and select hourly")
public void the_user_go_to_cabs_and_select_hourly() {
    // Write code here that turns the phrase above into concrete actions
    throw new io.cucumber.java.PendingException();
}
@When("The user search hourly cab from Visakhapatnam on {int} September {int} at {int}:{int} AM for {int} hours")
public void the_user_search_hourly_cab_from_visakhapatnam_on_september_at_am_for_hours(Integer int1, Integer int2, Integer int3, Integer int4, Integer int5) {
    // Write code here that turns the phrase above into concrete actions
    throw new io.cucumber.java.PendingException();
}
@Then("The user apply SUV filter")
public void the_user_apply_suv_filter() {
    // Write code here that turns the phrase above into concrete actions
    throw new io.cucumber.java.PendingException();
}
@Then("The user print the least fare")
public void the_user_print_the_least_fare() {
    // Write code here that turns the phrase above into concrete actions
    throw new io.cucumber.java.PendingException();
}

at ✽.user open the browser and navigate to EaseMyTrip(file:///C:/Users/2421255/OneDrive%20-%20Cognizant/Desktop/java%20core/EaseMyTrip_Hackathon/./src/test/resources/features/03_HourlyCabs.feature:6)
]]>
            </full-stacktrace>
          </exception> <!-- io.cucumber.testng.UndefinedStepException -->
          <reporter-output>
          </reporter-output>
        </test-method> <!-- runScenario -->
        <test-method signature="runScenario(io.cucumber.testng.PickleWrapper,io.cucumber.testng.FeatureWrapper)[pri:0, instance:com.emt.runners.TestRunner@452e19ca]" started-at="2025-08-22T13:37:53 IST" name="runScenario" description="Runs Cucumber Scenarios" data-provider="scenarios" finished-at="2025-08-22T13:37:53 IST" duration-ms="22" status="FAIL">
          <params>
            <param index="0">
              <value>
                <![CDATA["Book hourly rental with time, date and SUV filter"]]>
              </value>
            </param>
            <param index="1">
              <value>
                <![CDATA["Searching for Hourly Cab details on EaseMyTrip"]]>
              </value>
            </param>
          </params>
          <exception class="io.cucumber.testng.UndefinedStepException">
            <message>
              <![CDATA[The step 'user open the browser and navigate to EaseMyTrip' and 4 other step(s) are undefined.
You can implement these steps using the snippet(s) below:

@Given("user open the browser and navigate to EaseMyTrip")
public void user_open_the_browser_and_navigate_to_ease_my_trip() {
    // Write code here that turns the phrase above into concrete actions
    throw new io.cucumber.java.PendingException();
}
@When("The user go to Cabs and select hourly")
public void the_user_go_to_cabs_and_select_hourly() {
    // Write code here that turns the phrase above into concrete actions
    throw new io.cucumber.java.PendingException();
}
@When("The user search hourly cab from Visakhapatnam on {int} September {int} at {int}:{int} AM for {int} hours")
public void the_user_search_hourly_cab_from_visakhapatnam_on_september_at_am_for_hours(Integer int1, Integer int2, Integer int3, Integer int4, Integer int5) {
    // Write code here that turns the phrase above into concrete actions
    throw new io.cucumber.java.PendingException();
}
@Then("The user apply SUV filter")
public void the_user_apply_suv_filter() {
    // Write code here that turns the phrase above into concrete actions
    throw new io.cucumber.java.PendingException();
}
@Then("The user print the least fare")
public void the_user_print_the_least_fare() {
    // Write code here that turns the phrase above into concrete actions
    throw new io.cucumber.java.PendingException();
}
]]>
            </message>
            <full-stacktrace>
              <![CDATA[io.cucumber.testng.UndefinedStepException: The step 'user open the browser and navigate to EaseMyTrip' and 4 other step(s) are undefined.
You can implement these steps using the snippet(s) below:

@Given("user open the browser and navigate to EaseMyTrip")
public void user_open_the_browser_and_navigate_to_ease_my_trip() {
    // Write code here that turns the phrase above into concrete actions
    throw new io.cucumber.java.PendingException();
}
@When("The user go to Cabs and select hourly")
public void the_user_go_to_cabs_and_select_hourly() {
    // Write code here that turns the phrase above into concrete actions
    throw new io.cucumber.java.PendingException();
}
@When("The user search hourly cab from Visakhapatnam on {int} September {int} at {int}:{int} AM for {int} hours")
public void the_user_search_hourly_cab_from_visakhapatnam_on_september_at_am_for_hours(Integer int1, Integer int2, Integer int3, Integer int4, Integer int5) {
    // Write code here that turns the phrase above into concrete actions
    throw new io.cucumber.java.PendingException();
}
@Then("The user apply SUV filter")
public void the_user_apply_suv_filter() {
    // Write code here that turns the phrase above into concrete actions
    throw new io.cucumber.java.PendingException();
}
@Then("The user print the least fare")
public void the_user_print_the_least_fare() {
    // Write code here that turns the phrase above into concrete actions
    throw new io.cucumber.java.PendingException();
}

at ✽.user open the browser and navigate to EaseMyTrip(file:///C:/Users/2421255/OneDrive%20-%20Cognizant/Desktop/java%20core/EaseMyTrip_Hackathon/./src/test/resources/features/03_HourlyCabs.feature:6)
]]>
            </full-stacktrace>
          </exception> <!-- io.cucumber.testng.UndefinedStepException -->
          <reporter-output>
          </reporter-output>
        </test-method> <!-- runScenario -->
        <test-method retried="true" signature="runScenario(io.cucumber.testng.PickleWrapper,io.cucumber.testng.FeatureWrapper)[pri:0, instance:com.emt.runners.TestRunner@452e19ca]" started-at="2025-08-22T13:37:53 IST" name="runScenario" description="Runs Cucumber Scenarios" data-provider="scenarios" finished-at="2025-08-22T13:37:53 IST" duration-ms="25" status="SKIP">
          <params>
            <param index="0">
              <value>
                <![CDATA["Validating field level functionality of City Text box"]]>
              </value>
            </param>
            <param index="1">
              <value>
                <![CDATA["Search Activities on EaseMyTrip"]]>
              </value>
            </param>
          </params>
          <exception class="io.cucumber.testng.UndefinedStepException">
            <message>
              <![CDATA[The step 'The user open the browser and navigate to EaseMyTrip' and 4 other step(s) are undefined.
You can implement these steps using the snippet(s) below:

@Given("The user open the browser and navigate to EaseMyTrip")
public void the_user_open_the_browser_and_navigate_to_ease_my_trip() {
    // Write code here that turns the phrase above into concrete actions
    throw new io.cucumber.java.PendingException();
}
@When("The user click activity")
public void the_user_click_activity() {
    // Write code here that turns the phrase above into concrete actions
    throw new io.cucumber.java.PendingException();
}
@When("The user enters Ba as the partial city")
public void the_user_enters_ba_as_the_partial_city() {
    // Write code here that turns the phrase above into concrete actions
    throw new io.cucumber.java.PendingException();
}
@When("The user choose September {int} and {int} as the date")
public void the_user_choose_september_and_as_the_date(Integer int1, Integer int2) {
    // Write code here that turns the phrase above into concrete actions
    throw new io.cucumber.java.PendingException();
}
@When("The user click the search button")
public void the_user_click_the_search_button() {
    // Write code here that turns the phrase above into concrete actions
    throw new io.cucumber.java.PendingException();
}
]]>
            </message>
            <full-stacktrace>
              <![CDATA[io.cucumber.testng.UndefinedStepException: The step 'The user open the browser and navigate to EaseMyTrip' and 4 other step(s) are undefined.
You can implement these steps using the snippet(s) below:

@Given("The user open the browser and navigate to EaseMyTrip")
public void the_user_open_the_browser_and_navigate_to_ease_my_trip() {
    // Write code here that turns the phrase above into concrete actions
    throw new io.cucumber.java.PendingException();
}
@When("The user click activity")
public void the_user_click_activity() {
    // Write code here that turns the phrase above into concrete actions
    throw new io.cucumber.java.PendingException();
}
@When("The user enters Ba as the partial city")
public void the_user_enters_ba_as_the_partial_city() {
    // Write code here that turns the phrase above into concrete actions
    throw new io.cucumber.java.PendingException();
}
@When("The user choose September {int} and {int} as the date")
public void the_user_choose_september_and_as_the_date(Integer int1, Integer int2) {
    // Write code here that turns the phrase above into concrete actions
    throw new io.cucumber.java.PendingException();
}
@When("The user click the search button")
public void the_user_click_the_search_button() {
    // Write code here that turns the phrase above into concrete actions
    throw new io.cucumber.java.PendingException();
}

at ✽.The user open the browser and navigate to EaseMyTrip(file:///C:/Users/2421255/OneDrive%20-%20Cognizant/Desktop/java%20core/EaseMyTrip_Hackathon/./src/test/resources/features/04_Activities.feature:6)
]]>
            </full-stacktrace>
          </exception> <!-- io.cucumber.testng.UndefinedStepException -->
          <reporter-output>
          </reporter-output>
        </test-method> <!-- runScenario -->
        <test-method retried="true" signature="runScenario(io.cucumber.testng.PickleWrapper,io.cucumber.testng.FeatureWrapper)[pri:0, instance:com.emt.runners.TestRunner@452e19ca]" started-at="2025-08-22T13:37:53 IST" name="runScenario" description="Runs Cucumber Scenarios" data-provider="scenarios" finished-at="2025-08-22T13:37:53 IST" duration-ms="33" status="SKIP">
          <params>
            <param index="0">
              <value>
                <![CDATA["Validating field level functionality of City Text box"]]>
              </value>
            </param>
            <param index="1">
              <value>
                <![CDATA["Search Activities on EaseMyTrip"]]>
              </value>
            </param>
          </params>
          <exception class="io.cucumber.testng.UndefinedStepException">
            <message>
              <![CDATA[The step 'The user open the browser and navigate to EaseMyTrip' and 4 other step(s) are undefined.
You can implement these steps using the snippet(s) below:

@Given("The user open the browser and navigate to EaseMyTrip")
public void the_user_open_the_browser_and_navigate_to_ease_my_trip() {
    // Write code here that turns the phrase above into concrete actions
    throw new io.cucumber.java.PendingException();
}
@When("The user click activity")
public void the_user_click_activity() {
    // Write code here that turns the phrase above into concrete actions
    throw new io.cucumber.java.PendingException();
}
@When("The user enters Ba as the partial city")
public void the_user_enters_ba_as_the_partial_city() {
    // Write code here that turns the phrase above into concrete actions
    throw new io.cucumber.java.PendingException();
}
@When("The user choose September {int} and {int} as the date")
[...]
}
@When("the user enters Email and MobileNumber then clicks Accept check box")
public void the_user_enters_email_and_mobile_number_then_clicks_accept_check_box() {
    // Write code here that turns the phrase above into concrete actions
    throw new io.cucumber.java.PendingException();
}
@Then("it displays error message and captures screenshot")
public void it_displays_error_message_and_captures_screenshot() {
    // Write code here that turns the phrase above into concrete actions
    throw new io.cucumber.java.PendingException();
}

at ✽.the user clicks on More tab and selects GiftCard to test "TC2"(file:///C:/Users/2421255/OneDrive%20-%20Cognizant/Desktop/java%20core/EaseMyTrip_Hackathon/./src/test/resources/features/06_GiftCards.feature:6)
]]>
            </full-stacktrace>
          </exception> <!-- io.cucumber.testng.UndefinedStepException -->
          <reporter-output>
          </reporter-output>
        </test-method> <!-- runScenario -->
        <test-method signature="runScenario(io.cucumber.testng.PickleWrapper,io.cucumber.testng.FeatureWrapper)[pri:0, instance:com.emt.runners.TestRunner@4ea5b703]" started-at="2025-08-22T13:37:55 IST" name="runScenario" description="Runs Cucumber Scenarios" data-provider="scenarios" finished-at="2025-08-22T13:37:55 IST" duration-ms="15" status="FAIL">
          <params>
            <param index="0">
              <value>
                <![CDATA["validating the giftcards by giving Email and Mobile Number"]]>
              </value>
            </param>
            <param index="1">
              <value>
                <![CDATA["Searching for Giftards details on EaseMyTrip"]]>
              </value>
            </param>
          </params>
          <exception class="io.cucumber.testng.UndefinedStepException">
            <message>
              <![CDATA[The step 'the user clicks on More tab and selects GiftCard to test "TC2"' and 4 other step(s) are undefined.
You can implement these steps using the snippet(s) below:

@Given("the user clicks on More tab and selects GiftCard to test {string}")
public void the_user_clicks_on_more_tab_and_selects_gift_card_to_test(String string) {
    // Write code here that turns the phrase above into concrete actions
    throw new io.cucumber.java.PendingException();
}
@Given("scroll to festival and clicks festival then selects Diwali GiftCard")
public void scroll_to_festival_and_clicks_festival_then_selects_diwali_gift_card() {
    // Write code here that turns the phrase above into concrete actions
    throw new io.cucumber.java.PendingException();
}
@Given("filling the necessary data in the form which is in excel file")
public void filling_the_necessary_data_in_the_form_which_is_in_excel_file() {
    // Write code here that turns the phrase above into concrete actions
    throw new io.cucumber.java.PendingException();
}
@When("the user enters Email and MobileNumber then clicks Accept check box")
public void the_user_enters_email_and_mobile_number_then_clicks_accept_check_box() {
    // Write code here that turns the phrase above into concrete actions
    throw new io.cucumber.java.PendingException();
}
@Then("it displays error message and captures screenshot")
public void it_displays_error_message_and_captures_screenshot() {
    // Write code here that turns the phrase above into concrete actions
    throw new io.cucumber.java.PendingException();
}
]]>
            </message>
            <full-stacktrace>
              <![CDATA[io.cucumber.testng.UndefinedStepException: The step 'the user clicks on More tab and selects GiftCard to test "TC2"' and 4 other step(s) are undefined.
You can implement these steps using the snippet(s) below:

@Given("the user clicks on More tab and selects GiftCard to test {string}")
public void the_user_clicks_on_more_tab_and_selects_gift_card_to_test(String string) {
    // Write code here that turns the phrase above into concrete actions
    throw new io.cucumber.java.PendingException();
}
@Given("scroll to festival and clicks festival then selects Diwali GiftCard")
public void scroll_to_festival_and_clicks_festival_then_selects_diwali_gift_card() {
    // Write code here that turns the phrase above into concrete actions
    throw new io.cucumber.java.PendingException();
}
@Given("filling the necessary data in the form which is in excel file")
public void filling_the_necessary_data_in_the_form_which_is_in_excel_file() {
    // Write code here that turns the phrase above into concrete actions
    throw new io.cucumber.java.PendingException();
}
@When("the user enters Email and MobileNumber then clicks Accept check box")
public void the_user_enters_email_and_mobile_number_then_clicks_accept_check_box() {
    // Write code here that turns the phrase above into concrete actions
    throw new io.cucumber.java.PendingException();
}
@Then("it displays error message and captures screenshot")
public void it_displays_error_message_and_captures_screenshot() {
    // Write code here that turns the phrase above into concrete actions
    throw new io.cucumber.java.PendingException();
}

at ✽.the user clicks on More tab and selects GiftCard to test "TC2"(file:///C:/Users/2421255/OneDrive%20-%20Cognizant/Desktop/java%20core/EaseMyTrip_Hackathon/./src/test/resources/features/06_GiftCards.feature:6)
]]>
            </full-stacktrace>
          </exception> <!-- io.cucumber.testng.UndefinedStepException -->
          <reporter-output>
          </reporter-output>
        </test-method> <!-- runScenario -->
        <test-method retried="true" signature="runScenario(io.cucumber.testng.PickleWrapper,io.cucumber.testng.FeatureWrapper)[pri:0, instance:com.emt.runners.TestRunner@4ea5b703]" started-at="2025-08-22T13:37:55 IST" name="runScenario" description="Runs Cucumber Scenarios" data-provider="scenarios" finished-at="2025-08-22T13:37:55 IST" duration-ms="14" status="SKIP">
          <params>
            <param index="0">
              <value>
                <![CDATA["validating the giftcards by giving Email and Mobile Number"]]>
              </value>
            </param>
            <param index="1">
              <value>
                <![CDATA["Searching for Giftards details on EaseMyTrip"]]>
              </value>
            </param>
          </params>
          <exception class="io.cucumber.testng.UndefinedStepException">
            <message>
              <![CDATA[The step 'the user clicks on More tab and selects GiftCard to test "TC3"' and 4 other step(s) are undefined.
You can implement these steps using the snippet(s) below:

@Given("the user clicks on More tab and selects GiftCard to test {string}")
public void the_user_clicks_on_more_tab_and_selects_gift_card_to_test(String string) {
    // Write code here that turns the phrase above into concrete actions
    throw new io.cucumber.java.PendingException();
}
@Given("scroll to festival and clicks festival then selects Diwali GiftCard")
public void scroll_to_festival_and_clicks_festival_then_selects_diwali_gift_card() {
    // Write code here that turns the phrase above into concrete actions
    throw new io.cucumber.java.PendingException();
}
@Given("filling the necessary data in the form which is in excel file")
public void filling_the_necessary_data_in_the_form_which_is_in_excel_file() {
    // Write code here that turns the phrase above into concrete actions
    throw new io.cucumber.java.PendingException();
}
@When("the user enters Email and MobileNumber then clicks Accept check box")
public void the_user_enters_email_and_mobile_number_then_clicks_accept_check_box() {
    // Write code here that turns the phrase above into concrete actions
    throw new io.cucumber.java.PendingException();
}
@Then("it displays error message and captures screenshot")
public void it_displays_error_message_and_captures_screenshot() {
    // Write code here that turns the phrase above into concrete actions
    throw new io.cucumber.java.PendingException();
}
]]>
            </message>
            <full-stacktrace>
              <![CDATA[io.cucumber.testng.UndefinedStepException: The step 'the user clicks on More tab and selects GiftCard to test "TC3"' and 4 other step(s) are undefined.
You can implement these steps using the snippet(s) below:

@Given("the user clicks on More tab and selects GiftCard to test {string}")
public void the_user_clicks_on_more_tab_and_selects_gift_card_to_test(String string) {
    // Write code here that turns the phrase above into concrete actions
    throw new io.cucumber.java.PendingException();
}
@Given("scroll to festival and clicks festival then selects Diwali GiftCard")
public void scroll_to_festival_and_clicks_festival_then_selects_diwali_gift_card() {
    // Write code here that turns the phrase above into concrete actions
    throw new io.cucumber.java.PendingException();
}
@Given("filling the necessary data in the form which is in excel file")
public void filling_the_necessary_data_in_the_form_which_is_in_excel_file() {
    // Write code here that turns the phrase above into concrete actions
    throw new io.cucumber.java.PendingException();
}
@When("the user enters Email and MobileNumber then clicks Accept check box")
public void the_user_enters_email_and_mobile_number_then_clicks_accept_check_box() {
    // Write code here that turns the phrase above into concrete actions
    throw new io.cucumber.java.PendingException();
}
@Then("it displays error message and captures screenshot")
public void it_displays_error_message_and_captures_screenshot() {
    // Write code here that turns the phrase above into concrete actions
    throw new io.cucumber.java.PendingException();
}

at ✽.the user clicks on More tab and selects GiftCard to test "TC3"(file:///C:/Users/2421255/OneDrive%20-%20Cognizant/Desktop/java%20core/EaseMyTrip_Hackathon/./src/test/resources/features/06_GiftCards.feature:6)
]]>
            </full-stacktrace>
          </exception> <!-- io.cucumber.testng.UndefinedStepException -->
          <reporter-output>
          </reporter-output>
        </test-method> <!-- runScenario -->
        <test-method retried="true" signature="runScenario(io.cucumber.testng.PickleWrapper,io.cucumber.testng.FeatureWrapper)[pri:0, instance:com.emt.runners.TestRunner@4ea5b703]" started-at="2025-08-22T13:37:55 IST" name="runScenario" description="Runs Cucumber Scenarios" data-provider="scenarios" finished-at="2025-08-22T13:37:55 IST" duration-ms="16" status="SKIP">
          <params>
            <param index="0">
              <value>
                <![CDATA["validating the giftcards by giving Email and Mobile Number"]]>
              </value>
            </param>
            <param index="1">
              <value>
                <![CDATA["Searching for Giftards details on EaseMyTrip"]]>
              </value>
            </param>
          </params>
          <exception class="io.cucumber.testng.UndefinedStepException">
            <message>
              <![CDATA[The step 'the user clicks on More tab and selects GiftCard to test "TC3"' and 4 other step(s) are undefined.
You can implement these steps using the snippet(s) below:

@Given("the user clicks on More tab and selects GiftCard to test {string}")
public void the_user_clicks_on_more_tab_and_selects_gift_card_to_test(String string) {
    // Write code here that turns the phrase above into concrete actions
    throw new io.cucumber.java.PendingException();
}
@Given("scroll to festival and clicks festival then selects Diwali GiftCard")
public void scroll_to_festival_and_clicks_festival_then_selects_diwali_gift_card() {
    // Write code here that turns the phrase above into concrete actions
    throw new io.cucumber.java.PendingException();
}
@Given("filling the necessary data in the form which is in excel file")
public void filling_the_necessary_data_in_the_form_which_is_in_excel_file() {
    // Write code here that turns the phrase above into concrete actions
    throw new io.cucumber.java.PendingException();
}
@When("the user enters Email and MobileNumber then clicks Accept check box")
public void the_user_enters_email_and_mobile_number_then_clicks_accept_check_box() {
    // Write code here that turns the phrase above into concrete actions
    throw new io.cucumber.java.PendingException();
}
@Then("it displays error message and captures screenshot")
public void it_displays_error_message_and_captures_screenshot() {
    // Write code here that turns the phrase above into concrete actions
    throw new io.cucumber.java.PendingException();
}
]]>
            </message>
            <full-stacktrace>
              <![CDATA[io.cucumber.testng.UndefinedStepException: The step 'the user clicks on More tab and selects GiftCard to test "TC3"' and 4 other step(s) are undefined.
You can implement these steps using the snippet(s) below:

@Given("the user clicks on More tab and selects GiftCard to test {string}")
public void the_user_clicks_on_more_tab_and_selects_gift_card_to_test(String string) {
    // Write code here that turns the phrase above into concrete actions
    throw new io.cucumber.java.PendingException();
}
@Given("scroll to festival and clicks festival then selects Diwali GiftCard")
public void scroll_to_festival_and_clicks_festival_then_selects_diwali_gift_card() {
    // Write code here that turns the phrase above into concrete actions
    throw new io.cucumber.java.PendingException();
}
@Given("filling the necessary data in the form which is in excel file")
public void filling_the_necessary_data_in_the_form_which_is_in_excel_file() {
    // Write code here that turns the phrase above into concrete actions
    throw new io.cucumber.java.PendingException();
}
@When("the user enters Email and MobileNumber then clicks Accept check box")
public void the_user_enters_email_and_mobile_number_then_clicks_accept_check_box() {
    // Write code here that turns the phrase above into concrete actions
    throw new io.cucumber.java.PendingException();
}
@Then("it displays error message and captures screenshot")
public void it_displays_error_message_and_captures_screenshot() {
    // Write code here that turns the phrase above into concrete actions
    throw new io.cucumber.java.PendingException();
}

at ✽.the user clicks on More tab and selects GiftCard to test "TC3"(file:///C:/Users/2421255/OneDrive%20-%20Cognizant/Desktop/java%20core/EaseMyTrip_Hackathon/./src/test/resources/features/06_GiftCards.feature:6)
]]>
            </full-stacktrace>
          </exception> <!-- io.cucumber.testng.UndefinedStepException -->
          <reporter-output>
          </reporter-output>
        </test-method> <!-- runScenario -->
        <test-method signature="runScenario(io.cucumber.testng.PickleWrapper,io.cucumber.testng.FeatureWrapper)[pri:0, instance:com.emt.runners.TestRunner@4ea5b703]" started-at="2025-08-22T13:37:55 IST" name="runScenario" description="Runs Cucumber Scenarios" data-provider="scenarios" finished-at="2025-08-22T13:37:55 IST" duration-ms="20" status="FAIL">
          <params>
            <param index="0">
              <value>
                <![CDATA["validating the giftcards by giving Email and Mobile Number"]]>
              </value>
            </param>
            <param index="1">
              <value>
                <![CDATA["Searching for Giftards details on EaseMyTrip"]]>
              </value>
            </param>
          </params>
          <exception class="io.cucumber.testng.UndefinedStepException">
            <message>
              <![CDATA[The step 'the user clicks on More tab and selects GiftCard to test "TC3"' and 4 other step(s) are undefined.
You can implement these steps using the snippet(s) below:

@Given("the user clicks on More tab and selects GiftCard to test {string}")
public void the_user_clicks_on_more_tab_and_selects_gift_card_to_test(String string) {
    // Write code here that turns the phrase above into concrete actions
    throw new io.cucumber.java.PendingException();
}
@Given("scroll to festival and clicks festival then selects Diwali GiftCard")
public void scroll_to_festival_and_clicks_festival_then_selects_diwali_gift_card() {
    // Write code here that turns the phrase above into concrete actions
    throw new io.cucumber.java.PendingException();
}
@Given("filling the necessary data in the form which is in excel file")
public void filling_the_necessary_data_in_the_form_which_is_in_excel_file() {
    // Write code here that turns the phrase above into concrete actions
    throw new io.cucumber.java.PendingException();
}
@When("the user enters Email and MobileNumber then clicks Accept check box")
public void the_user_enters_email_and_mobile_number_then_clicks_accept_check_box() {
    // Write code here that turns the phrase above into concrete actions
    throw new io.cucumber.java.PendingException();
}
@Then("it displays error message and captures screenshot")
public void it_displays_error_message_and_captures_screenshot() {
    // Write code here that turns the phrase above into concrete actions
    throw new io.cucumber.java.PendingException();
}
]]>
            </message>
            <full-stacktrace>
              <![CDATA[io.cucumber.testng.UndefinedStepException: The step 'the user clicks on More tab and selects GiftCard to test "TC3"' and 4 other step(s) are undefined.
You can implement these steps using the snippet(s) below:

@Given("the user clicks on More tab and selects GiftCard to test {string}")
public void the_user_clicks_on_more_tab_and_selects_gift_card_to_test(String string) {
    // Write code here that turns the phrase above into concrete actions
    throw new io.cucumber.java.PendingException();
}
@Given("scroll to festival and clicks festival then selects Diwali GiftCard")
public void scroll_to_festival_and_clicks_festival_then_selects_diwali_gift_card() {
    // Write code here that turns the phrase above into concrete actions
    throw new io.cucumber.java.PendingException();
}
@Given("filling the necessary data in the form which is in excel file")
public void filling_the_necessary_data_in_the_form_which_is_in_excel_file() {
    // Write code here that turns the phrase above into concrete actions
    throw new io.cucumber.java.PendingException();
}
@When("the user enters Email and MobileNumber then clicks Accept check box")
public void the_user_enters_email_and_mobile_number_then_clicks_accept_check_box() {
    // Write code here that turns the phrase above into concrete actions
    throw new io.cucumber.java.PendingException();
}
@Then("it displays error message and captures screenshot")
public void it_displays_error_message_and_captures_screenshot() {
    // Write code here that turns the phrase above into concrete actions
    throw new io.cucumber.java.PendingException();
}

at ✽.the user clicks on More tab and selects GiftCard to test "TC3"(file:///C:/Users/2421255/OneDrive%20-%20Cognizant/Desktop/java%20core/EaseMyTrip_Hackathon/./src/test/resources/features/06_GiftCards.feature:6)
]]>
            </full-stacktrace>
          </exception> <!-- io.cucumber.testng.UndefinedStepException -->
          <reporter-output>
          </reporter-output>
        </test-method> <!-- runScenario -->
        <test-method is-config="true" signature="tearDownClass()[pri:0, instance:com.emt.runners.TestRunner@4ea5b703]" started-at="2025-08-22T13:37:55 IST" name="tearDownClass" finished-at="2025-08-22T13:37:55 IST" duration-ms="56" status="PASS">
          <reporter-output>
          </reporter-output>
        </test-method> <!-- tearDownClass -->
        <test-method is-config="true" signature="afterSuite()[pri:0, instance:com.emt.runners.TestRunner@4ea5b703]" started-at="2025-08-22T13:37:55 IST" name="afterSuite" finished-at="2025-08-22T13:37:55 IST" duration-ms="8" status="PASS">
          <reporter-output>
          </reporter-output>
        </test-method> <!-- afterSuite -->
      </class> <!-- com.emt.runners.TestRunner -->
    </test> <!-- Chrome -->
  </suite> <!-- Suite -->
</testng-results>
